<?xml version="1.0" encoding="UTF-8"?>
<!-- Generated by org.testng.reporters.JUnitReportReporter -->
<testsuite skipped="0" hostname="DESKTOP-AQ1JSND" name="testCases.GET_Or_Read_All_Products" tests="1" failures="0" timestamp="27 Feb 2021 18:05:22 GMT" time="2.144" errors="0">
  <testcase name="read_All_Products" time="2.144" classname="testCases.GET_Or_Read_All_Products"/>
</testsuite> <!-- testCases.GET_Or_Read_All_Products -->
