<?xml version="1.0" encoding="UTF-8"?>
<!-- Generated by org.testng.reporters.JUnitReportReporter -->
<testsuite skipped="0" hostname="DESKTOP-AQ1JSND" name="testCases.Get_Or_Read_A_Product" tests="1" failures="0" timestamp="27 Feb 2021 19:07:16 GMT" time="2.450" errors="0">
  <testcase name="read_All_Products" time="2.450" classname="testCases.Get_Or_Read_A_Product"/>
</testsuite> <!-- testCases.Get_Or_Read_A_Product -->
