<?xml version="1.0" encoding="UTF-8"?>
<!-- Generated by org.testng.reporters.JUnitReportReporter -->
<testsuite skipped="0" hostname="DESKTOP-AQ1JSND" name="testCases.Creat_A_Product" tests="1" failures="0" timestamp="27 Feb 2021 19:33:19 GMT" time="2.425" errors="0">
  <testcase name="CreatAproduct" time="2.425" classname="testCases.Creat_A_Product"/>
</testsuite> <!-- testCases.Creat_A_Product -->
